<?xml version="1.0" encoding="UTF-8"?>
<!-- Generated by org.testng.reporters.JUnitReportReporter -->
<testsuite hostname="VedNayak-PC" failures="0" tests="2" name="tests.LoginTest" time="73.859" errors="0" timestamp="2024-02-12T19:50:55 IST" skipped="0">
  <testcase classname="tests.LoginTest" name="LoginTestVeda" time="34.933"/>
  <testcase classname="tests.LoginTest" name="LoginTestVeda" time="38.926"/>
</testsuite> <!-- tests.LoginTest -->
